[child30:27634]   start: 0x7f89790b4000 size:4KB  name: anon(PROT_READ | PROT_WRITE)
[child30:27634]   start: 0x7f89790b3000 size:4KB  name: anon(PROT_READ)
[child30:27634]   start: 0x7f89790b2000 size:4KB  name: anon(PROT_WRITE)
[child30:27634]   start: 0x7f8978fb2000 size:1MB  name: anon(PROT_READ | PROT_WRITE)
[child30:27634]   start: 0x7f89774f5000 size:1MB  name: anon(PROT_READ)
[child30:27634]   start: 0x7f89773f5000 size:1MB  name: anon(PROT_WRITE)
[child30:27634]   start: 0x7f89771f5000 size:2MB  name: anon(PROT_READ | PROT_WRITE)
[child30:27634]   start: 0x7f8976ff5000 size:2MB  name: anon(PROT_READ)
[child30:27634]   start: 0x7f8976df5000 size:2MB  name: anon(PROT_WRITE)
[child30:27634]   start: 0x7f8978fb1000 size:4KB  name: anon(PROT_READ | PROT_WRITE)
[child30:27634]   start: 0x7f8978fb0000 size:4KB  name: anon(PROT_READ)
[child30:27634]   start: 0x7f8978faf000 size:4KB  name: anon(PROT_WRITE)
[child30:27634] [1] [32BIT] clock_settime(which_clock=0xfff7, tp=0x4) [child30:27634]  Dumped trace to /boot/trace.txt
[child30:27639]   start: 0x7f89790b4000 size:4KB  name: anon(PROT_READ | PROT_WRITE)
[child30:27639]   start: 0x7f89790b3000 size:4KB  name: anon(PROT_READ)
[child30:27639]   start: 0x7f89790b2000 size:4KB  name: anon(PROT_WRITE)
[child30:27639]   start: 0x7f8978fb2000 size:1MB  name: anon(PROT_READ | PROT_WRITE)
[child30:27639]   start: 0x7f89774f5000 size:1MB  name: anon(PROT_READ)
[child30:27639]   start: 0x7f89773f5000 size:1MB  name: anon(PROT_WRITE)
[child30:27639]   start: 0x7f89771f5000 size:2MB  name: anon(PROT_READ | PROT_WRITE)
[child30:27639]   start: 0x7f8976ff5000 size:2MB  name: anon(PROT_READ)
[child30:27639]   start: 0x7f8976df5000 size:2MB  name: anon(PROT_WRITE)
[child30:27639]   start: 0x7f8978fb1000 size:4KB  name: anon(PROT_READ | PROT_WRITE)
[child30:27639]   start: 0x7f8978fb0000 size:4KB  name: anon(PROT_READ)
[child30:27639]   start: 0x7f8978faf000 size:4KB  name: anon(PROT_WRITE)
[child30:27639] [1] setxattr(pathname="/proc/24510/task/27462/net/dev", name=0x7f8978fb2000, value=0x7f8978fb2001, size=0xfffc, flags=0x3) [child30:27639]  Dumped trace to /boot/trace.txt
